{"D:\\Silent\\Codes\\NuxtJS\\STSWENG_Reddit\\server\\app.js": {"path":"D:\\Silent\\Codes\\NuxtJS\\STSWENG_Reddit\\server\\app.js","statementMap":{"0":{"start":{"line":2,"column":22},"end":{"line":2,"column":40}},"1":{"start":{"line":4,"column":22},"end":{"line":4,"column":44}},"2":{"start":{"line":5,"column":22},"end":{"line":5,"column":37}},"3":{"start":{"line":7,"column":0},"end":{"line":7,"column":27}},"4":{"start":{"line":9,"column":12},"end":{"line":9,"column":21}},"5":{"start":{"line":11,"column":13},"end":{"line":11,"column":36}},"6":{"start":{"line":14,"column":0},"end":{"line":16,"column":1}},"7":{"start":{"line":15,"column":4},"end":{"line":15,"column":38}},"8":{"start":{"line":18,"column":0},"end":{"line":18,"column":16}},"9":{"start":{"line":19,"column":0},"end":{"line":19,"column":52}},"10":{"start":{"line":20,"column":0},"end":{"line":20,"column":27}},"11":{"start":{"line":23,"column":16},"end":{"line":23,"column":44}},"12":{"start":{"line":25,"column":0},"end":{"line":25,"column":30}},"13":{"start":{"line":27,"column":15},"end":{"line":29,"column":2}},"14":{"start":{"line":28,"column":4},"end":{"line":28,"column":45}},"15":{"start":{"line":31,"column":0},"end":{"line":31,"column":24}}},"fnMap":{"0":{"name":"(anonymous_0)","decl":{"start":{"line":27,"column":32},"end":{"line":27,"column":33}},"loc":{"start":{"line":27,"column":38},"end":{"line":29,"column":1}},"line":27}},"branchMap":{"0":{"loc":{"start":{"line":14,"column":0},"end":{"line":16,"column":1}},"type":"if","locations":[{"start":{"line":14,"column":0},"end":{"line":16,"column":1}},{"start":{"line":14,"column":0},"end":{"line":16,"column":1}}],"line":14}},"s":{"0":1,"1":1,"2":1,"3":1,"4":1,"5":1,"6":1,"7":0,"8":1,"9":1,"10":1,"11":1,"12":1,"13":1,"14":1,"15":1},"f":{"0":1},"b":{"0":[0,1]},"_coverageSchema":"1a1c01bbd47fc00a2c39e90264f33305004495a9","hash":"3ac1c89c821aff0859dbf5cbfb7938db7099c389"}
,"D:\\Silent\\Codes\\NuxtJS\\STSWENG_Reddit\\server\\api\\userAPI.js": {"path":"D:\\Silent\\Codes\\NuxtJS\\STSWENG_Reddit\\server\\api\\userAPI.js","statementMap":{"0":{"start":{"line":1,"column":15},"end":{"line":1,"column":43}},"1":{"start":{"line":2,"column":12},"end":{"line":2,"column":37}},"2":{"start":{"line":4,"column":11},"end":{"line":4,"column":27}},"3":{"start":{"line":6,"column":16},"end":{"line":71,"column":1}},"4":{"start":{"line":20,"column":12},"end":{"line":20,"column":20}},"5":{"start":{"line":22,"column":8},"end":{"line":65,"column":9}},"6":{"start":{"line":24,"column":25},"end":{"line":24,"column":56}},"7":{"start":{"line":27,"column":33},"end":{"line":42,"column":13}},"8":{"start":{"line":44,"column":29},"end":{"line":44,"column":57}},"9":{"start":{"line":46,"column":25},"end":{"line":46,"column":32}},"10":{"start":{"line":47,"column":12},"end":{"line":47,"column":33}},"11":{"start":{"line":50,"column":26},"end":{"line":50,"column":53}},"12":{"start":{"line":52,"column":12},"end":{"line":52,"column":58}},"13":{"start":{"line":54,"column":12},"end":{"line":54,"column":29}},"14":{"start":{"line":56,"column":12},"end":{"line":62,"column":13}},"15":{"start":{"line":57,"column":16},"end":{"line":61,"column":17}},"16":{"start":{"line":58,"column":20},"end":{"line":58,"column":95}},"17":{"start":{"line":59,"column":23},"end":{"line":61,"column":17}},"18":{"start":{"line":60,"column":20},"end":{"line":60,"column":96}},"19":{"start":{"line":64,"column":12},"end":{"line":64,"column":79}},"20":{"start":{"line":73,"column":0},"end":{"line":73,"column":25}}},"fnMap":{"0":{"name":"(anonymous_0)","decl":{"start":{"line":10,"column":22},"end":{"line":10,"column":23}},"loc":{"start":{"line":10,"column":42},"end":{"line":66,"column":5}},"line":10}},"branchMap":{"0":{"loc":{"start":{"line":56,"column":12},"end":{"line":62,"column":13}},"type":"if","locations":[{"start":{"line":56,"column":12},"end":{"line":62,"column":13}},{"start":{"line":56,"column":12},"end":{"line":62,"column":13}}],"line":56},"1":{"loc":{"start":{"line":57,"column":16},"end":{"line":61,"column":17}},"type":"if","locations":[{"start":{"line":57,"column":16},"end":{"line":61,"column":17}},{"start":{"line":57,"column":16},"end":{"line":61,"column":17}}],"line":57},"2":{"loc":{"start":{"line":59,"column":23},"end":{"line":61,"column":17}},"type":"if","locations":[{"start":{"line":59,"column":23},"end":{"line":61,"column":17}},{"start":{"line":59,"column":23},"end":{"line":61,"column":17}}],"line":59}},"s":{"0":1,"1":1,"2":1,"3":1,"4":4,"5":4,"6":4,"7":4,"8":4,"9":1,"10":1,"11":1,"12":1,"13":3,"14":3,"15":2,"16":1,"17":1,"18":1,"19":1,"20":1},"f":{"0":4},"b":{"0":[2,1],"1":[1,1],"2":[1,0]},"_coverageSchema":"1a1c01bbd47fc00a2c39e90264f33305004495a9","hash":"11570832c3c24326421c459185190bfdc813e940"}
,"D:\\Silent\\Codes\\NuxtJS\\STSWENG_Reddit\\server\\db\\index.js": {"path":"D:\\Silent\\Codes\\NuxtJS\\STSWENG_Reddit\\server\\db\\index.js","statementMap":{"0":{"start":{"line":1,"column":17},"end":{"line":1,"column":30}},"1":{"start":{"line":3,"column":13},"end":{"line":9,"column":2}},"2":{"start":{"line":11,"column":0},"end":{"line":15,"column":2}},"3":{"start":{"line":12,"column":29},"end":{"line":12,"column":53}},"4":{"start":{"line":13,"column":19},"end":{"line":13,"column":33}},"5":{"start":{"line":14,"column":15},"end":{"line":14,"column":25}}},"fnMap":{"0":{"name":"(anonymous_0)","decl":{"start":{"line":12,"column":11},"end":{"line":12,"column":12}},"loc":{"start":{"line":12,"column":29},"end":{"line":12,"column":53}},"line":12},"1":{"name":"(anonymous_1)","decl":{"start":{"line":13,"column":13},"end":{"line":13,"column":14}},"loc":{"start":{"line":13,"column":19},"end":{"line":13,"column":33}},"line":13},"2":{"name":"(anonymous_2)","decl":{"start":{"line":14,"column":9},"end":{"line":14,"column":10}},"loc":{"start":{"line":14,"column":15},"end":{"line":14,"column":25}},"line":14}},"branchMap":{},"s":{"0":1,"1":1,"2":1,"3":5,"4":0,"5":1},"f":{"0":5,"1":0,"2":1},"b":{},"_coverageSchema":"1a1c01bbd47fc00a2c39e90264f33305004495a9","hash":"36870202cd5219192fc4183cc3d9a8928f4d8da8"}
,"D:\\Silent\\Codes\\NuxtJS\\STSWENG_Reddit\\server\\modules\\bcrypt.js": {"path":"D:\\Silent\\Codes\\NuxtJS\\STSWENG_Reddit\\server\\modules\\bcrypt.js","statementMap":{"0":{"start":{"line":1,"column":15},"end":{"line":1,"column":32}},"1":{"start":{"line":2,"column":19},"end":{"line":2,"column":21}},"2":{"start":{"line":4,"column":21},"end":{"line":13,"column":1}},"3":{"start":{"line":12,"column":27},"end":{"line":12,"column":61}},"4":{"start":{"line":15,"column":0},"end":{"line":18,"column":2}}},"fnMap":{"0":{"name":"(anonymous_0)","decl":{"start":{"line":12,"column":14},"end":{"line":12,"column":15}},"loc":{"start":{"line":12,"column":27},"end":{"line":12,"column":61}},"line":12}},"branchMap":{},"s":{"0":2,"1":2,"2":2,"3":5,"4":2},"f":{"0":5},"b":{},"_coverageSchema":"1a1c01bbd47fc00a2c39e90264f33305004495a9","hash":"6bf78760b22667df3a509208214035dec90f8935"}
,"D:\\Silent\\Codes\\NuxtJS\\STSWENG_Reddit\\server\\modules\\jwt.js": {"path":"D:\\Silent\\Codes\\NuxtJS\\STSWENG_Reddit\\server\\modules\\jwt.js","statementMap":{"0":{"start":{"line":1,"column":12},"end":{"line":1,"column":35}},"1":{"start":{"line":2,"column":15},"end":{"line":2,"column":37}},"2":{"start":{"line":4,"column":18},"end":{"line":35,"column":1}},"3":{"start":{"line":13,"column":8},"end":{"line":18,"column":11}},"4":{"start":{"line":14,"column":12},"end":{"line":17,"column":15}},"5":{"start":{"line":15,"column":16},"end":{"line":16,"column":44}},"6":{"start":{"line":15,"column":28},"end":{"line":15,"column":40}},"7":{"start":{"line":16,"column":28},"end":{"line":16,"column":44}},"8":{"start":{"line":28,"column":8},"end":{"line":33,"column":11}},"9":{"start":{"line":29,"column":12},"end":{"line":32,"column":15}},"10":{"start":{"line":30,"column":16},"end":{"line":31,"column":44}},"11":{"start":{"line":30,"column":28},"end":{"line":30,"column":40}},"12":{"start":{"line":31,"column":28},"end":{"line":31,"column":44}},"13":{"start":{"line":37,"column":0},"end":{"line":40,"column":2}}},"fnMap":{"0":{"name":"(anonymous_0)","decl":{"start":{"line":12,"column":17},"end":{"line":12,"column":18}},"loc":{"start":{"line":12,"column":36},"end":{"line":19,"column":5}},"line":12},"1":{"name":"(anonymous_1)","decl":{"start":{"line":13,"column":27},"end":{"line":13,"column":28}},"loc":{"start":{"line":13,"column":48},"end":{"line":18,"column":9}},"line":13},"2":{"name":"(anonymous_2)","decl":{"start":{"line":14,"column":44},"end":{"line":14,"column":45}},"loc":{"start":{"line":14,"column":61},"end":{"line":17,"column":13}},"line":14},"3":{"name":"(anonymous_3)","decl":{"start":{"line":27,"column":19},"end":{"line":27,"column":20}},"loc":{"start":{"line":27,"column":28},"end":{"line":34,"column":5}},"line":27},"4":{"name":"(anonymous_4)","decl":{"start":{"line":28,"column":27},"end":{"line":28,"column":28}},"loc":{"start":{"line":28,"column":48},"end":{"line":33,"column":9}},"line":28},"5":{"name":"(anonymous_5)","decl":{"start":{"line":29,"column":38},"end":{"line":29,"column":39}},"loc":{"start":{"line":29,"column":55},"end":{"line":32,"column":13}},"line":29}},"branchMap":{"0":{"loc":{"start":{"line":15,"column":16},"end":{"line":16,"column":44}},"type":"if","locations":[{"start":{"line":15,"column":16},"end":{"line":16,"column":44}},{"start":{"line":15,"column":16},"end":{"line":16,"column":44}}],"line":15},"1":{"loc":{"start":{"line":30,"column":16},"end":{"line":31,"column":44}},"type":"if","locations":[{"start":{"line":30,"column":16},"end":{"line":31,"column":44}},{"start":{"line":30,"column":16},"end":{"line":31,"column":44}}],"line":30}},"s":{"0":2,"1":2,"2":2,"3":2,"4":2,"5":2,"6":0,"7":2,"8":1,"9":1,"10":1,"11":0,"12":1,"13":2},"f":{"0":2,"1":2,"2":2,"3":1,"4":1,"5":1},"b":{"0":[0,2],"1":[0,1]},"_coverageSchema":"1a1c01bbd47fc00a2c39e90264f33305004495a9","hash":"f676d369c6e32fa291ed34bda04de701d4433359"}
,"D:\\Silent\\Codes\\NuxtJS\\STSWENG_Reddit\\server\\routers\\userRtr.js": {"path":"D:\\Silent\\Codes\\NuxtJS\\STSWENG_Reddit\\server\\routers\\userRtr.js","statementMap":{"0":{"start":{"line":1,"column":15},"end":{"line":1,"column":35}},"1":{"start":{"line":2,"column":12},"end":{"line":2,"column":37}},"2":{"start":{"line":8,"column":0},"end":{"line":8,"column":47}},"3":{"start":{"line":14,"column":0},"end":{"line":14,"column":24}}},"fnMap":{},"branchMap":{},"s":{"0":1,"1":1,"2":1,"3":1},"f":{},"b":{},"_coverageSchema":"1a1c01bbd47fc00a2c39e90264f33305004495a9","hash":"e466491b26559888289664df352a790c77f4d6b8"}
}
