{"D:\\Silent\\Codes\\NuxtJS\\STSWENG_Reddit\\server\\app.js": {"path":"D:\\Silent\\Codes\\NuxtJS\\STSWENG_Reddit\\server\\app.js","statementMap":{"0":{"start":{"line":2,"column":22},"end":{"line":2,"column":40}},"1":{"start":{"line":4,"column":22},"end":{"line":4,"column":44}},"2":{"start":{"line":5,"column":22},"end":{"line":5,"column":37}},"3":{"start":{"line":7,"column":0},"end":{"line":7,"column":27}},"4":{"start":{"line":9,"column":12},"end":{"line":9,"column":21}},"5":{"start":{"line":11,"column":13},"end":{"line":11,"column":36}},"6":{"start":{"line":14,"column":0},"end":{"line":16,"column":1}},"7":{"start":{"line":15,"column":4},"end":{"line":15,"column":38}},"8":{"start":{"line":18,"column":0},"end":{"line":18,"column":16}},"9":{"start":{"line":19,"column":0},"end":{"line":19,"column":52}},"10":{"start":{"line":20,"column":0},"end":{"line":20,"column":27}},"11":{"start":{"line":23,"column":16},"end":{"line":23,"column":44}},"12":{"start":{"line":25,"column":0},"end":{"line":25,"column":30}},"13":{"start":{"line":27,"column":15},"end":{"line":29,"column":2}},"14":{"start":{"line":28,"column":4},"end":{"line":28,"column":45}},"15":{"start":{"line":31,"column":0},"end":{"line":31,"column":24}}},"fnMap":{"0":{"name":"(anonymous_0)","decl":{"start":{"line":27,"column":32},"end":{"line":27,"column":33}},"loc":{"start":{"line":27,"column":38},"end":{"line":29,"column":1}},"line":27}},"branchMap":{"0":{"loc":{"start":{"line":14,"column":0},"end":{"line":16,"column":1}},"type":"if","locations":[{"start":{"line":14,"column":0},"end":{"line":16,"column":1}},{"start":{"line":14,"column":0},"end":{"line":16,"column":1}}],"line":14}},"s":{"0":1,"1":1,"2":1,"3":1,"4":1,"5":1,"6":1,"7":0,"8":1,"9":1,"10":1,"11":1,"12":1,"13":1,"14":1,"15":1},"f":{"0":1},"b":{"0":[0,1]},"_coverageSchema":"1a1c01bbd47fc00a2c39e90264f33305004495a9","hash":"3ac1c89c821aff0859dbf5cbfb7938db7099c389"}
,"D:\\Silent\\Codes\\NuxtJS\\STSWENG_Reddit\\server\\api\\userAPI.js": {"path":"D:\\Silent\\Codes\\NuxtJS\\STSWENG_Reddit\\server\\api\\userAPI.js","statementMap":{"0":{"start":{"line":1,"column":15},"end":{"line":1,"column":43}},"1":{"start":{"line":2,"column":12},"end":{"line":2,"column":37}},"2":{"start":{"line":4,"column":11},"end":{"line":4,"column":27}},"3":{"start":{"line":6,"column":16},"end":{"line":73,"column":1}},"4":{"start":{"line":21,"column":12},"end":{"line":21,"column":20}},"5":{"start":{"line":23,"column":8},"end":{"line":67,"column":9}},"6":{"start":{"line":25,"column":25},"end":{"line":25,"column":56}},"7":{"start":{"line":28,"column":33},"end":{"line":44,"column":13}},"8":{"start":{"line":46,"column":29},"end":{"line":46,"column":57}},"9":{"start":{"line":48,"column":25},"end":{"line":48,"column":32}},"10":{"start":{"line":49,"column":12},"end":{"line":49,"column":33}},"11":{"start":{"line":52,"column":26},"end":{"line":52,"column":53}},"12":{"start":{"line":54,"column":12},"end":{"line":54,"column":58}},"13":{"start":{"line":56,"column":12},"end":{"line":56,"column":29}},"14":{"start":{"line":58,"column":12},"end":{"line":64,"column":13}},"15":{"start":{"line":59,"column":16},"end":{"line":63,"column":17}},"16":{"start":{"line":60,"column":20},"end":{"line":60,"column":95}},"17":{"start":{"line":61,"column":23},"end":{"line":63,"column":17}},"18":{"start":{"line":62,"column":20},"end":{"line":62,"column":96}},"19":{"start":{"line":66,"column":12},"end":{"line":66,"column":42}},"20":{"start":{"line":75,"column":0},"end":{"line":75,"column":25}}},"fnMap":{"0":{"name":"(anonymous_0)","decl":{"start":{"line":10,"column":22},"end":{"line":10,"column":23}},"loc":{"start":{"line":10,"column":42},"end":{"line":68,"column":5}},"line":10}},"branchMap":{"0":{"loc":{"start":{"line":58,"column":12},"end":{"line":64,"column":13}},"type":"if","locations":[{"start":{"line":58,"column":12},"end":{"line":64,"column":13}},{"start":{"line":58,"column":12},"end":{"line":64,"column":13}}],"line":58},"1":{"loc":{"start":{"line":59,"column":16},"end":{"line":63,"column":17}},"type":"if","locations":[{"start":{"line":59,"column":16},"end":{"line":63,"column":17}},{"start":{"line":59,"column":16},"end":{"line":63,"column":17}}],"line":59},"2":{"loc":{"start":{"line":61,"column":23},"end":{"line":63,"column":17}},"type":"if","locations":[{"start":{"line":61,"column":23},"end":{"line":63,"column":17}},{"start":{"line":61,"column":23},"end":{"line":63,"column":17}}],"line":61}},"s":{"0":1,"1":1,"2":1,"3":1,"4":3,"5":3,"6":3,"7":3,"8":3,"9":1,"10":1,"11":1,"12":1,"13":2,"14":2,"15":2,"16":1,"17":1,"18":1,"19":0,"20":1},"f":{"0":3},"b":{"0":[2,0],"1":[1,1],"2":[1,0]},"_coverageSchema":"1a1c01bbd47fc00a2c39e90264f33305004495a9","hash":"08a20f7e250a43267514a27ce22cbbb36ce62c3f"}
,"D:\\Silent\\Codes\\NuxtJS\\STSWENG_Reddit\\server\\db\\index.js": {"path":"D:\\Silent\\Codes\\NuxtJS\\STSWENG_Reddit\\server\\db\\index.js","statementMap":{"0":{"start":{"line":1,"column":17},"end":{"line":1,"column":30}},"1":{"start":{"line":3,"column":13},"end":{"line":9,"column":2}},"2":{"start":{"line":11,"column":0},"end":{"line":15,"column":2}},"3":{"start":{"line":12,"column":29},"end":{"line":12,"column":53}},"4":{"start":{"line":13,"column":19},"end":{"line":13,"column":33}},"5":{"start":{"line":14,"column":15},"end":{"line":14,"column":25}}},"fnMap":{"0":{"name":"(anonymous_0)","decl":{"start":{"line":12,"column":11},"end":{"line":12,"column":12}},"loc":{"start":{"line":12,"column":29},"end":{"line":12,"column":53}},"line":12},"1":{"name":"(anonymous_1)","decl":{"start":{"line":13,"column":13},"end":{"line":13,"column":14}},"loc":{"start":{"line":13,"column":19},"end":{"line":13,"column":33}},"line":13},"2":{"name":"(anonymous_2)","decl":{"start":{"line":14,"column":9},"end":{"line":14,"column":10}},"loc":{"start":{"line":14,"column":15},"end":{"line":14,"column":25}},"line":14}},"branchMap":{},"s":{"0":1,"1":1,"2":1,"3":4,"4":0,"5":1},"f":{"0":4,"1":0,"2":1},"b":{},"_coverageSchema":"1a1c01bbd47fc00a2c39e90264f33305004495a9","hash":"36870202cd5219192fc4183cc3d9a8928f4d8da8"}
,"D:\\Silent\\Codes\\NuxtJS\\STSWENG_Reddit\\server\\middlewares\\ajvHelper.js": {"path":"D:\\Silent\\Codes\\NuxtJS\\STSWENG_Reddit\\server\\middlewares\\ajvHelper.js","statementMap":{"0":{"start":{"line":1,"column":18},"end":{"line":17,"column":1}},"1":{"start":{"line":3,"column":23},"end":{"line":9,"column":10}},"2":{"start":{"line":4,"column":12},"end":{"line":8,"column":13}},"3":{"start":{"line":5,"column":16},"end":{"line":5,"column":66}},"4":{"start":{"line":7,"column":16},"end":{"line":7,"column":61}},"5":{"start":{"line":11,"column":8},"end":{"line":11,"column":59}},"6":{"start":{"line":12,"column":8},"end":{"line":12,"column":49}},"7":{"start":{"line":13,"column":8},"end":{"line":13,"column":47}},"8":{"start":{"line":15,"column":8},"end":{"line":15,"column":22}},"9":{"start":{"line":19,"column":0},"end":{"line":19,"column":27}}},"fnMap":{"0":{"name":"(anonymous_0)","decl":{"start":{"line":2,"column":15},"end":{"line":2,"column":16}},"loc":{"start":{"line":2,"column":24},"end":{"line":16,"column":5}},"line":2},"1":{"name":"(anonymous_1)","decl":{"start":{"line":3,"column":38},"end":{"line":3,"column":39}},"loc":{"start":{"line":3,"column":73},"end":{"line":9,"column":9}},"line":3}},"branchMap":{"0":{"loc":{"start":{"line":4,"column":12},"end":{"line":8,"column":13}},"type":"if","locations":[{"start":{"line":4,"column":12},"end":{"line":8,"column":13}},{"start":{"line":4,"column":12},"end":{"line":8,"column":13}}],"line":4}},"s":{"0":2,"1":7,"2":9,"3":5,"4":4,"5":7,"6":7,"7":7,"8":7,"9":2},"f":{"0":7,"1":9},"b":{"0":[5,4]},"_coverageSchema":"1a1c01bbd47fc00a2c39e90264f33305004495a9","hash":"e7bcaa0dc53cf4f7c97b3f223bb75539c74dcd5b"}
,"D:\\Silent\\Codes\\NuxtJS\\STSWENG_Reddit\\server\\middlewares\\userMw.js": {"path":"D:\\Silent\\Codes\\NuxtJS\\STSWENG_Reddit\\server\\middlewares\\userMw.js","statementMap":{"0":{"start":{"line":1,"column":12},"end":{"line":1,"column":26}},"1":{"start":{"line":2,"column":22},"end":{"line":2,"column":44}},"2":{"start":{"line":4,"column":12},"end":{"line":4,"column":60}},"3":{"start":{"line":6,"column":20},"end":{"line":6,"column":23}},"4":{"start":{"line":8,"column":0},"end":{"line":60,"column":16}},"5":{"start":{"line":62,"column":15},"end":{"line":73,"column":1}},"6":{"start":{"line":64,"column":25},"end":{"line":64,"column":60}},"7":{"start":{"line":66,"column":8},"end":{"line":69,"column":9}},"8":{"start":{"line":67,"column":27},"end":{"line":67,"column":41}},"9":{"start":{"line":68,"column":12},"end":{"line":68,"column":52}},"10":{"start":{"line":71,"column":8},"end":{"line":71,"column":15}},"11":{"start":{"line":75,"column":0},"end":{"line":75,"column":24}}},"fnMap":{"0":{"name":"(anonymous_0)","decl":{"start":{"line":63,"column":26},"end":{"line":63,"column":27}},"loc":{"start":{"line":63,"column":46},"end":{"line":72,"column":5}},"line":63}},"branchMap":{"0":{"loc":{"start":{"line":66,"column":8},"end":{"line":69,"column":9}},"type":"if","locations":[{"start":{"line":66,"column":8},"end":{"line":69,"column":9}},{"start":{"line":66,"column":8},"end":{"line":69,"column":9}}],"line":66}},"s":{"0":1,"1":1,"2":1,"3":1,"4":1,"5":1,"6":8,"7":8,"8":5,"9":5,"10":3,"11":1},"f":{"0":8},"b":{"0":[5,3]},"_coverageSchema":"1a1c01bbd47fc00a2c39e90264f33305004495a9","hash":"c9c5d319a1038afa34f13fcf60008b1d369d6b37"}
,"D:\\Silent\\Codes\\NuxtJS\\STSWENG_Reddit\\server\\modules\\bcrypt.js": {"path":"D:\\Silent\\Codes\\NuxtJS\\STSWENG_Reddit\\server\\modules\\bcrypt.js","statementMap":{"0":{"start":{"line":1,"column":15},"end":{"line":1,"column":32}},"1":{"start":{"line":2,"column":19},"end":{"line":2,"column":21}},"2":{"start":{"line":4,"column":21},"end":{"line":13,"column":1}},"3":{"start":{"line":12,"column":27},"end":{"line":12,"column":61}},"4":{"start":{"line":15,"column":0},"end":{"line":18,"column":2}}},"fnMap":{"0":{"name":"(anonymous_0)","decl":{"start":{"line":12,"column":14},"end":{"line":12,"column":15}},"loc":{"start":{"line":12,"column":27},"end":{"line":12,"column":61}},"line":12}},"branchMap":{},"s":{"0":2,"1":2,"2":2,"3":4,"4":2},"f":{"0":4},"b":{},"_coverageSchema":"1a1c01bbd47fc00a2c39e90264f33305004495a9","hash":"6bf78760b22667df3a509208214035dec90f8935"}
,"D:\\Silent\\Codes\\NuxtJS\\STSWENG_Reddit\\server\\modules\\jwt.js": {"path":"D:\\Silent\\Codes\\NuxtJS\\STSWENG_Reddit\\server\\modules\\jwt.js","statementMap":{"0":{"start":{"line":1,"column":12},"end":{"line":1,"column":35}},"1":{"start":{"line":2,"column":15},"end":{"line":2,"column":37}},"2":{"start":{"line":4,"column":18},"end":{"line":35,"column":1}},"3":{"start":{"line":13,"column":8},"end":{"line":18,"column":11}},"4":{"start":{"line":14,"column":12},"end":{"line":17,"column":15}},"5":{"start":{"line":15,"column":16},"end":{"line":16,"column":44}},"6":{"start":{"line":15,"column":28},"end":{"line":15,"column":40}},"7":{"start":{"line":16,"column":28},"end":{"line":16,"column":44}},"8":{"start":{"line":28,"column":8},"end":{"line":33,"column":11}},"9":{"start":{"line":29,"column":12},"end":{"line":32,"column":15}},"10":{"start":{"line":30,"column":16},"end":{"line":31,"column":44}},"11":{"start":{"line":30,"column":28},"end":{"line":30,"column":40}},"12":{"start":{"line":31,"column":28},"end":{"line":31,"column":44}},"13":{"start":{"line":37,"column":0},"end":{"line":40,"column":2}}},"fnMap":{"0":{"name":"(anonymous_0)","decl":{"start":{"line":12,"column":17},"end":{"line":12,"column":18}},"loc":{"start":{"line":12,"column":36},"end":{"line":19,"column":5}},"line":12},"1":{"name":"(anonymous_1)","decl":{"start":{"line":13,"column":27},"end":{"line":13,"column":28}},"loc":{"start":{"line":13,"column":48},"end":{"line":18,"column":9}},"line":13},"2":{"name":"(anonymous_2)","decl":{"start":{"line":14,"column":44},"end":{"line":14,"column":45}},"loc":{"start":{"line":14,"column":61},"end":{"line":17,"column":13}},"line":14},"3":{"name":"(anonymous_3)","decl":{"start":{"line":27,"column":19},"end":{"line":27,"column":20}},"loc":{"start":{"line":27,"column":28},"end":{"line":34,"column":5}},"line":27},"4":{"name":"(anonymous_4)","decl":{"start":{"line":28,"column":27},"end":{"line":28,"column":28}},"loc":{"start":{"line":28,"column":48},"end":{"line":33,"column":9}},"line":28},"5":{"name":"(anonymous_5)","decl":{"start":{"line":29,"column":38},"end":{"line":29,"column":39}},"loc":{"start":{"line":29,"column":55},"end":{"line":32,"column":13}},"line":29}},"branchMap":{"0":{"loc":{"start":{"line":15,"column":16},"end":{"line":16,"column":44}},"type":"if","locations":[{"start":{"line":15,"column":16},"end":{"line":16,"column":44}},{"start":{"line":15,"column":16},"end":{"line":16,"column":44}}],"line":15},"1":{"loc":{"start":{"line":30,"column":16},"end":{"line":31,"column":44}},"type":"if","locations":[{"start":{"line":30,"column":16},"end":{"line":31,"column":44}},{"start":{"line":30,"column":16},"end":{"line":31,"column":44}}],"line":30}},"s":{"0":2,"1":2,"2":2,"3":2,"4":2,"5":2,"6":0,"7":2,"8":1,"9":1,"10":1,"11":0,"12":1,"13":2},"f":{"0":2,"1":2,"2":2,"3":1,"4":1,"5":1},"b":{"0":[0,2],"1":[0,1]},"_coverageSchema":"1a1c01bbd47fc00a2c39e90264f33305004495a9","hash":"f676d369c6e32fa291ed34bda04de701d4433359"}
,"D:\\Silent\\Codes\\NuxtJS\\STSWENG_Reddit\\server\\routers\\userRtr.js": {"path":"D:\\Silent\\Codes\\NuxtJS\\STSWENG_Reddit\\server\\routers\\userRtr.js","statementMap":{"0":{"start":{"line":1,"column":15},"end":{"line":1,"column":35}},"1":{"start":{"line":2,"column":12},"end":{"line":2,"column":37}},"2":{"start":{"line":3,"column":11},"end":{"line":3,"column":43}},"3":{"start":{"line":8,"column":0},"end":{"line":10,"column":26}},"4":{"start":{"line":16,"column":0},"end":{"line":16,"column":24}}},"fnMap":{},"branchMap":{},"s":{"0":1,"1":1,"2":1,"3":1,"4":1},"f":{},"b":{},"_coverageSchema":"1a1c01bbd47fc00a2c39e90264f33305004495a9","hash":"39b1812557be330863c3adab70feb77f38d1ea40"}
}
