TN:
SF:app.js
FN:27,(anonymous_0)
FNF:1
FNH:1
FNDA:1,(anonymous_0)
DA:2,1
DA:4,1
DA:5,1
DA:7,1
DA:9,1
DA:11,1
DA:14,1
DA:15,0
DA:18,1
DA:19,1
DA:20,1
DA:23,1
DA:25,1
DA:27,1
DA:28,1
DA:31,1
LF:16
LH:15
BRDA:14,0,0,0
BRDA:14,0,1,1
BRF:2
BRH:1
end_of_record
TN:
SF:api\userAPI.js
FN:10,(anonymous_0)
FNF:1
FNH:1
FNDA:4,(anonymous_0)
DA:1,1
DA:2,1
DA:4,1
DA:6,1
DA:20,4
DA:22,4
DA:24,4
DA:27,4
DA:44,4
DA:46,1
DA:47,1
DA:50,1
DA:52,1
DA:54,3
DA:56,3
DA:57,2
DA:58,1
DA:59,1
DA:60,1
DA:64,1
DA:73,1
LF:21
LH:21
BRDA:56,0,0,2
BRDA:56,0,1,1
BRDA:57,1,0,1
BRDA:57,1,1,1
BRDA:59,2,0,1
BRDA:59,2,1,0
BRF:6
BRH:5
end_of_record
TN:
SF:db\index.js
FN:12,(anonymous_0)
FN:13,(anonymous_1)
FN:14,(anonymous_2)
FNF:3
FNH:2
FNDA:5,(anonymous_0)
FNDA:0,(anonymous_1)
FNDA:1,(anonymous_2)
DA:1,1
DA:3,1
DA:11,1
DA:12,5
DA:13,0
DA:14,1
LF:6
LH:5
BRF:0
BRH:0
end_of_record
TN:
SF:modules\bcrypt.js
FN:12,(anonymous_0)
FNF:1
FNH:1
FNDA:5,(anonymous_0)
DA:1,2
DA:2,2
DA:4,2
DA:12,5
DA:15,2
LF:5
LH:5
BRF:0
BRH:0
end_of_record
TN:
SF:modules\jwt.js
FN:12,(anonymous_0)
FN:13,(anonymous_1)
FN:14,(anonymous_2)
FN:27,(anonymous_3)
FN:28,(anonymous_4)
FN:29,(anonymous_5)
FNF:6
FNH:6
FNDA:2,(anonymous_0)
FNDA:2,(anonymous_1)
FNDA:2,(anonymous_2)
FNDA:1,(anonymous_3)
FNDA:1,(anonymous_4)
FNDA:1,(anonymous_5)
DA:1,2
DA:2,2
DA:4,2
DA:13,2
DA:14,2
DA:15,2
DA:16,2
DA:28,1
DA:29,1
DA:30,1
DA:31,1
DA:37,2
LF:12
LH:12
BRDA:15,0,0,0
BRDA:15,0,1,2
BRDA:30,1,0,0
BRDA:30,1,1,1
BRF:4
BRH:2
end_of_record
TN:
SF:routers\userRtr.js
FNF:0
FNH:0
DA:1,1
DA:2,1
DA:8,1
DA:14,1
LF:4
LH:4
BRF:0
BRH:0
end_of_record
